app/build/intermediates/manifest_merge_blame_file/debug/manifest-merger-blame-debug-report.txt
1<?xml version="1.0" encoding="utf-8"?>
2<manifest xmlns:android="http://schemas.android.com/apk/res/android"
3    package="com.example.coursework"
4    android:versionCode="1"
5    android:versionName="1.0" >
6
7    <uses-sdk
8        android:minSdkVersion="15"
8-->src/main/AndroidManifest.xml
9        android:targetSdkVersion="29" />
9-->src/main/AndroidManifest.xml
10
11    <uses-permission android:name="android.permission.INTERNET" />
11-->src/main/AndroidManifest.xml:5:5-67
11-->src/main/AndroidManifest.xml:5:22-64
12    <uses-permission android:name="android.permission.ACCESS_NETWORK_STATE" />
12-->src/main/AndroidManifest.xml:6:5-79
12-->src/main/AndroidManifest.xml:6:22-76
13
14    <application
14-->src/main/AndroidManifest.xml:8:5-50:15
15        android:allowBackup="true"
15-->src/main/AndroidManifest.xml:9:9-35
16        android:appComponentFactory="androidx.core.app.CoreComponentFactory"
16-->[androidx.core:core:1.1.0] AndroidManifest.xml:24:18-86
17        android:debuggable="true"
18        android:icon="@drawable/icon"
18-->src/main/AndroidManifest.xml:10:9-38
19        android:label="@string/app_name"
19-->src/main/AndroidManifest.xml:11:9-41
20        android:roundIcon="@mipmap/ic_launcher_round"
20-->src/main/AndroidManifest.xml:12:9-54
21        android:supportsRtl="true"
21-->src/main/AndroidManifest.xml:13:9-35
22        android:testOnly="true"
23        android:theme="@style/AppTheme" >
23-->src/main/AndroidManifest.xml:14:9-40
24        <activity android:name="com.example.coursework.firstTimeActivity" >
24-->src/main/AndroidManifest.xml:15:9-21:16
24-->src/main/AndroidManifest.xml:15:19-52
25            <intent-filter>
25-->src/main/AndroidManifest.xml:16:13-20:25
26                <action android:name="android.intent.action.MAIN" />
26-->src/main/AndroidManifest.xml:17:13-65
26-->src/main/AndroidManifest.xml:17:21-62
27
28                <category android:name="android.intent.category.LAUNCHER" />
28-->src/main/AndroidManifest.xml:19:13-73
28-->src/main/AndroidManifest.xml:19:23-70
29            </intent-filter>
30        </activity>
31        <activity
31-->src/main/AndroidManifest.xml:23:5-29:16
32            android:name="com.example.coursework.MainActivity"
32-->src/main/AndroidManifest.xml:24:9-37
33            android:label="Welcome" >
33-->src/main/AndroidManifest.xml:25:9-32
34            <intent-filter>
34-->src/main/AndroidManifest.xml:26:9-28:25
35                <action android:name="android.intent.action.MAIN" />
35-->src/main/AndroidManifest.xml:17:13-65
35-->src/main/AndroidManifest.xml:17:21-62
36            </intent-filter>
37        </activity>
38        <activity
38-->src/main/AndroidManifest.xml:30:5-36:16
39            android:name="com.example.coursework.productActivity"
39-->src/main/AndroidManifest.xml:31:9-40
40            android:label="@string/Products" >
40-->src/main/AndroidManifest.xml:32:9-41
41            <intent-filter>
41-->src/main/AndroidManifest.xml:26:9-28:25
42                <action android:name="android.intent.action.MAIN" />
42-->src/main/AndroidManifest.xml:17:13-65
42-->src/main/AndroidManifest.xml:17:21-62
43            </intent-filter>
44        </activity>
45        <activity
45-->src/main/AndroidManifest.xml:37:5-43:16
46            android:name="com.example.coursework.ContactActivity"
46-->src/main/AndroidManifest.xml:38:9-40
47            android:label="@string/Contact" >
47-->src/main/AndroidManifest.xml:39:9-40
48            <intent-filter>
48-->src/main/AndroidManifest.xml:26:9-28:25
49                <action android:name="android.intent.action.MAIN" />
49-->src/main/AndroidManifest.xml:17:13-65
49-->src/main/AndroidManifest.xml:17:21-62
50            </intent-filter>
51        </activity>
52        <activity
52-->src/main/AndroidManifest.xml:44:5-46:44
53            android:name="com.example.coursework.SettingActivity"
53-->src/main/AndroidManifest.xml:45:9-40
54            android:label="@string/Settings" />
54-->src/main/AndroidManifest.xml:46:9-41
55        <activity
55-->src/main/AndroidManifest.xml:47:5-49:46
56            android:name="com.example.coursework.TieActivity"
56-->src/main/AndroidManifest.xml:48:9-36
57            android:label="Ties page" />
57-->src/main/AndroidManifest.xml:49:9-34
58    </application>
59
60</manifest>